Arguments: 
  /usr/local/bin/node /usr/local/bin/yarn add nodemon —dev

PATH: 
  /Library/Frameworks/Python.framework/Versions/3.9/bin:/usr/local/bin:/usr/bin:/bin:/usr/sbin:/sbin:/Library/Apple/usr/bin:/Library/Frameworks/Python.framework/Versions/3.9/bin

Yarn version: 
  1.22.10

Node version: 
  14.15.0

Platform: 
  darwin x64

Trace: 
  TypeError [ERR_UNESCAPED_CHARACTERS]: Request path contains unescaped characters
      at new ClientRequest (_http_client.js:151:13)
      at Object.request (https.js:313:10)
      at Request.module.exports.Request.start (/usr/local/lib/node_modules/yarn/lib/cli.js:141224:32)
      at Request.module.exports.Request.end (/usr/local/lib/node_modules/yarn/lib/cli.js:141983:10)
      at end (/usr/local/lib/node_modules/yarn/lib/cli.js:141037:14)
      at Immediate._onImmediate (/usr/local/lib/node_modules/yarn/lib/cli.js:141051:7)
      at processImmediate (internal/timers.js:461:21)

npm manifest: 
  {
    "dependencies": {
      "bcryptjs": "^2.4.3"
    }
  }

yarn manifest: 
  No manifest

Lockfile: 
  # THIS IS AN AUTOGENERATED FILE. DO NOT EDIT THIS FILE DIRECTLY.
  # yarn lockfile v1
  
  
  bcryptjs@^2.4.3:
    version "2.4.3"
    resolved "https://registry.yarnpkg.com/bcryptjs/-/bcryptjs-2.4.3.tgz#9ab5627b93e60621ff7cdac5da9733027df1d0cb"
    integrity sha1-mrVie5PmBiH/fNrF2pczAn3x0Ms=
